07/03/25 17:04:53	Sample and mix with loading buffer	(0, 2, 0, True)
07/03/25 17:08:20	Inject KaiA, KaiB, and U-KaiC stocks	(0, 6, True)
07/03/25 19:07:20	Inject KaiA, KaiB, and U-KaiC stocks	(1, 6, False)
07/03/25 21:05:33	Sample and mix with loading buffer, and discard from the reaction	(1, 2, 10, True)
07/03/25 21:09:00	Inject KaiA, KaiB, and U-KaiC stocks	(2, 6, True)
07/03/25 23:07:20	Inject KaiA, KaiB, and U-KaiC stocks	(3, 6, False)
07/04/25 01:05:33	Sample and mix with loading buffer, and discard from the reaction	(2, 2, 10, True)
07/04/25 01:09:00	Inject KaiA, KaiB, and U-KaiC stocks	(4, 6, True)
07/04/25 03:07:20	Inject KaiA, KaiB, and U-KaiC stocks	(5, 6, False)
07/04/25 05:05:33	Sample and mix with loading buffer, and discard from the reaction	(3, 2, 10, True)
07/04/25 05:09:00	Inject KaiA, KaiB, and U-KaiC stocks	(6, 6, True)
07/04/25 07:07:20	Inject KaiA, KaiB, and U-KaiC stocks	(7, 6, False)
07/04/25 09:05:33	Sample and mix with loading buffer, and discard from the reaction	(4, 2, 10, True)
07/04/25 09:09:00	Inject KaiA, KaiB, and U-KaiC stocks	(8, 6, True)
07/04/25 11:07:20	Inject KaiA, KaiB, and U-KaiC stocks	(9, 6, False)
07/04/25 13:05:33	Sample and mix with loading buffer, and discard from the reaction	(5, 2, 10, True)
07/04/25 13:09:00	Inject KaiA, KaiB, and U-KaiC stocks	(10, 6, True)
07/04/25 15:07:20	Inject KaiA, KaiB, and U-KaiC stocks	(11, 6, False)
07/04/25 17:05:33	Sample and mix with loading buffer, and discard from the reaction	(6, 2, 10, True)
07/04/25 17:09:00	Inject KaiA, KaiB, and U-KaiC stocks	(12, 6, True)
07/04/25 19:07:20	Inject KaiA, KaiB, and U-KaiC stocks	(13, 6, False)
07/04/25 21:05:33	Sample and mix with loading buffer, and discard from the reaction	(7, 2, 10, True)
07/04/25 21:09:00	Inject KaiA, KaiB, and U-KaiC stocks	(14, 6, True)
07/04/25 23:07:20	Inject KaiA, KaiB, and U-KaiC stocks	(15, 6, False)
07/05/25 01:05:33	Sample and mix with loading buffer, and discard from the reaction	(8, 2, 10, True)
07/05/25 01:09:00	Inject KaiA, KaiB, and U-KaiC stocks	(16, 6, True)
07/05/25 03:07:20	Inject KaiA, KaiB, and U-KaiC stocks	(17, 6, False)
07/05/25 05:05:33	Sample and mix with loading buffer, and discard from the reaction	(9, 2, 10, True)
07/05/25 05:09:00	Inject KaiA, KaiB, and U-KaiC stocks	(18, 6, True)
07/05/25 07:07:20	Inject KaiA, KaiB, and U-KaiC stocks	(19, 6, False)
07/05/25 09:05:33	Sample and mix with loading buffer, and discard from the reaction	(10, 2, 10, True)
07/05/25 09:09:00	Inject KaiA, KaiB, and U-KaiC stocks	(20, 6, True)
07/05/25 11:07:20	Inject KaiA, KaiB, and U-KaiC stocks	(21, 6, False)
07/05/25 13:05:33	Sample and mix with loading buffer, and discard from the reaction	(11, 2, 10, True)
07/05/25 13:08:59	Inject KaiA, KaiB, and U-KaiC stocks	(22, 6, True)
07/05/25 15:07:19	Inject KaiA, KaiB, and U-KaiC stocks	(23, 6, False)
07/05/25 17:05:32	Sample and mix with loading buffer, and discard from the reaction	(12, 2, 10, True)
07/05/25 17:08:58	Inject KaiA, KaiB, and U-KaiC stocks	(24, 6, True)
07/05/25 19:07:19	Inject KaiA, KaiB, and U-KaiC stocks	(25, 6, False)
07/05/25 21:05:32	Sample and mix with loading buffer, and discard from the reaction	(13, 2, 10, True)
07/05/25 21:08:58	Inject KaiA, KaiB, and U-KaiC stocks	(26, 6, True)
07/05/25 23:07:19	Inject KaiA, KaiB, and U-KaiC stocks	(27, 6, False)
07/06/25 01:05:32	Sample and mix with loading buffer, and discard from the reaction	(14, 2, 10, True)
07/06/25 01:08:58	Inject KaiA, KaiB, and U-KaiC stocks	(28, 6, True)
07/06/25 03:07:19	Inject KaiA, KaiB, and U-KaiC stocks	(29, 6, False)
07/06/25 05:05:32	Sample and mix with loading buffer, and discard from the reaction	(15, 2, 10, True)
07/06/25 05:08:58	Inject KaiA, KaiB, and U-KaiC stocks	(30, 6, True)
07/06/25 07:07:19	Inject KaiA, KaiB, and U-KaiC stocks	(31, 6, False)
07/06/25 09:05:32	Sample and mix with loading buffer, and discard from the reaction	(16, 2, 10, True)
07/06/25 09:08:58	Inject KaiA, KaiB, and U-KaiC stocks	(32, 6, True)
07/06/25 11:07:19	Inject KaiA, KaiB, and U-KaiC stocks	(33, 6, False)
07/06/25 13:05:32	Sample and mix with loading buffer, and discard from the reaction	(17, 2, 10, True)
07/06/25 13:08:58	Inject KaiA, KaiB, and U-KaiC stocks	(34, 6, True)
07/06/25 15:07:19	Inject KaiA, KaiB, and U-KaiC stocks	(35, 6, False)
07/06/25 17:05:56	Sample and mix with loading buffer, and discard from the reaction	(18, 2, 10, False)
07/06/25 21:05:17	Sample and mix with loading buffer, and discard from the reaction	(19, 2, 0, False)
07/07/25 01:05:16	Sample and mix with loading buffer, and discard from the reaction	(20, 2, 0, False)
07/07/25 05:05:17	Sample and mix with loading buffer, and discard from the reaction	(21, 2, 0, False)
07/07/25 09:05:16	Sample and mix with loading buffer, and discard from the reaction	(22, 2, 0, False)
07/07/25 13:05:17	Sample and mix with loading buffer, and discard from the reaction	(23, 2, 0, False)
07/07/25 17:05:16	Sample and mix with loading buffer, and discard from the reaction	(24, 2, 0, False)
