06/17/25 18:56:56	Sample and mix with loading buffer	(0, 2, 0, True)
06/17/25 19:00:22	Inject KaiA, KaiB, and U-KaiC stocks	(0, 6, True)
06/17/25 20:59:23	Inject KaiA, KaiB, and U-KaiC stocks	(1, 6, False)
06/17/25 22:57:36	Sample and mix with loading buffer, and discard from the reaction	(1, 2, 10, True)
06/17/25 23:01:03	Inject KaiA, KaiB, and U-KaiC stocks	(2, 6, True)
06/18/25 00:59:23	Inject KaiA, KaiB, and U-KaiC stocks	(3, 6, False)
06/18/25 02:57:36	Sample and mix with loading buffer, and discard from the reaction	(2, 2, 10, True)
06/18/25 03:01:03	Inject KaiA, KaiB, and U-KaiC stocks	(4, 6, True)
06/18/25 04:59:23	Inject KaiA, KaiB, and U-KaiC stocks	(5, 6, False)
06/18/25 06:57:36	Sample and mix with loading buffer, and discard from the reaction	(3, 2, 10, True)
06/18/25 07:01:03	Inject KaiA, KaiB, and U-KaiC stocks	(6, 6, True)
06/18/25 08:59:23	Inject KaiA, KaiB, and U-KaiC stocks	(7, 6, False)
06/18/25 10:57:36	Sample and mix with loading buffer, and discard from the reaction	(4, 2, 10, True)
06/18/25 11:01:03	Inject KaiA, KaiB, and U-KaiC stocks	(8, 6, True)
06/18/25 12:59:23	Inject KaiA, KaiB, and U-KaiC stocks	(9, 6, False)
06/18/25 14:57:36	Sample and mix with loading buffer, and discard from the reaction	(5, 2, 10, True)
06/18/25 15:01:03	Inject KaiA, KaiB, and U-KaiC stocks	(10, 6, True)
06/18/25 16:59:23	Inject KaiA, KaiB, and U-KaiC stocks	(11, 6, False)
06/18/25 18:57:36	Sample and mix with loading buffer, and discard from the reaction	(6, 2, 10, True)
06/18/25 19:01:03	Inject KaiA, KaiB, and U-KaiC stocks	(12, 6, True)
06/18/25 20:59:23	Inject KaiA, KaiB, and U-KaiC stocks	(13, 6, False)
06/18/25 22:57:36	Sample and mix with loading buffer, and discard from the reaction	(7, 2, 10, True)
06/18/25 23:01:03	Inject KaiA, KaiB, and U-KaiC stocks	(14, 6, True)
06/19/25 00:59:23	Inject KaiA, KaiB, and U-KaiC stocks	(15, 6, False)
06/19/25 02:57:36	Sample and mix with loading buffer, and discard from the reaction	(8, 2, 10, True)
06/19/25 03:01:03	Inject KaiA, KaiB, and U-KaiC stocks	(16, 6, True)
06/19/25 04:59:23	Inject KaiA, KaiB, and U-KaiC stocks	(17, 6, False)
06/19/25 06:57:36	Sample and mix with loading buffer, and discard from the reaction	(9, 2, 10, True)
06/19/25 07:01:03	Inject KaiA, KaiB, and U-KaiC stocks	(18, 6, True)
06/19/25 08:59:23	Inject KaiA, KaiB, and U-KaiC stocks	(19, 6, False)
06/19/25 10:57:36	Sample and mix with loading buffer, and discard from the reaction	(10, 2, 10, True)
06/19/25 11:01:03	Inject KaiA, KaiB, and U-KaiC stocks	(20, 6, True)
06/19/25 12:59:23	Inject KaiA, KaiB, and U-KaiC stocks	(21, 6, False)
06/19/25 14:57:36	Sample and mix with loading buffer, and discard from the reaction	(11, 2, 10, True)
06/19/25 15:01:03	Inject KaiA, KaiB, and U-KaiC stocks	(22, 6, True)
06/19/25 16:59:23	Inject KaiA, KaiB, and U-KaiC stocks	(23, 6, False)
06/19/25 18:57:36	Sample and mix with loading buffer, and discard from the reaction	(12, 2, 10, True)
06/19/25 19:01:01	Inject KaiA, KaiB, and U-KaiC stocks	(24, 6, True)
06/19/25 20:59:22	Inject KaiA, KaiB, and U-KaiC stocks	(25, 6, False)
06/19/25 22:57:36	Sample and mix with loading buffer, and discard from the reaction	(13, 2, 10, True)
06/19/25 23:01:01	Inject KaiA, KaiB, and U-KaiC stocks	(26, 6, True)
06/20/25 00:59:22	Inject KaiA, KaiB, and U-KaiC stocks	(27, 6, False)
06/20/25 02:57:36	Sample and mix with loading buffer, and discard from the reaction	(14, 2, 10, True)
06/20/25 03:01:01	Inject KaiA, KaiB, and U-KaiC stocks	(28, 6, True)
06/20/25 04:59:22	Inject KaiA, KaiB, and U-KaiC stocks	(29, 6, False)
06/20/25 06:57:36	Sample and mix with loading buffer, and discard from the reaction	(15, 2, 10, True)
06/20/25 07:01:01	Inject KaiA, KaiB, and U-KaiC stocks	(30, 6, True)
06/20/25 08:59:22	Inject KaiA, KaiB, and U-KaiC stocks	(31, 6, False)
06/20/25 10:57:35	Sample and mix with loading buffer, and discard from the reaction	(16, 2, 10, True)
06/20/25 11:01:01	Inject KaiA, KaiB, and U-KaiC stocks	(32, 6, True)
06/20/25 12:59:22	Inject KaiA, KaiB, and U-KaiC stocks	(33, 6, False)
06/20/25 14:57:36	Sample and mix with loading buffer, and discard from the reaction	(17, 2, 10, True)
06/20/25 15:01:01	Inject KaiA, KaiB, and U-KaiC stocks	(34, 6, True)
06/20/25 16:59:22	Inject KaiA, KaiB, and U-KaiC stocks	(35, 6, False)
06/20/25 18:57:59	Sample and mix with loading buffer, and discard from the reaction	(18, 2, 10, False)
06/20/25 22:57:20	Sample and mix with loading buffer, and discard from the reaction	(19, 2, 0, False)
06/21/25 02:57:19	Sample and mix with loading buffer, and discard from the reaction	(20, 2, 0, False)
06/21/25 06:57:20	Sample and mix with loading buffer, and discard from the reaction	(21, 2, 0, False)
06/21/25 10:57:20	Sample and mix with loading buffer, and discard from the reaction	(22, 2, 0, False)
06/21/25 14:57:20	Sample and mix with loading buffer, and discard from the reaction	(23, 2, 0, False)
06/21/25 18:57:20	Sample and mix with loading buffer, and discard from the reaction	(24, 2, 0, False)
